  botonRegistro.cpp
C:\Users\Hector\Documents\GitHub\proyectojuego\ProyectoZelda\godot-cpp\include\godot_cpp\core\math.hpp(791,16): warning C4244: 'return': conversión de 'double' a 'float'; posible pérdida de datos
  (compilando archivo de origen "botonRegistro.cpp")
  
C:\Users\Hector\Documents\GitHub\proyectojuego\ProyectoZelda\godot-cpp\include\godot_cpp\core\math.hpp(796,11): warning C4244: 'inicializando': conversión de 'double' a 'float'; posible pérdida de datos
  (compilando archivo de origen "botonRegistro.cpp")
  
C:\Users\Hector\Documents\GitHub\proyectojuego\ProyectoZelda\godot-cpp\include\godot_cpp\variant\vector2.hpp(284,13): warning C4244: 'inicializando': conversión de 'double' a 'real_t'; posible pérdida de datos
  (compilando archivo de origen "botonRegistro.cpp")
  
C:\Users\Hector\Documents\GitHub\proyectojuego\ProyectoZelda\godot-cpp\include\godot_cpp\variant\vector2.hpp(307,17): warning C4244: 'argumento': conversión de 'const double' a 'const real_t'; posible pérdida de datos
  (compilando archivo de origen "botonRegistro.cpp")
  
C:\Users\Hector\Documents\GitHub\proyectojuego\ProyectoZelda\godot-cpp\include\godot_cpp\variant\vector2.hpp(311,17): warning C4244: 'argumento': conversión de 'const int32_t' a 'const real_t'; posible pérdida de datos
  (compilando archivo de origen "botonRegistro.cpp")
  
C:\Users\Hector\Documents\GitHub\proyectojuego\ProyectoZelda\godot-cpp\include\godot_cpp\variant\vector2.hpp(315,17): warning C4244: 'argumento': conversión de 'const int64_t' a 'const real_t'; posible pérdida de datos
  (compilando archivo de origen "botonRegistro.cpp")
  
C:\Users\Hector\Documents\GitHub\proyectojuego\ProyectoZelda\godot-cpp\include\godot_cpp\variant\vector2i.hpp(142,20): warning C4244: 'argumento': conversión de 'const int64_t' a 'const int32_t'; posible pérdida de datos
  (compilando archivo de origen "botonRegistro.cpp")
  
C:\Users\Hector\Documents\GitHub\proyectojuego\ProyectoZelda\godot-cpp\include\godot_cpp\variant\vector2i.hpp(146,20): warning C4244: 'argumento': conversión de 'const float' a 'const int32_t'; posible pérdida de datos
  (compilando archivo de origen "botonRegistro.cpp")
  
C:\Users\Hector\Documents\GitHub\proyectojuego\ProyectoZelda\godot-cpp\include\godot_cpp\variant\vector2i.hpp(150,20): warning C4244: 'argumento': conversión de 'const double' a 'const int32_t'; posible pérdida de datos
  (compilando archivo de origen "botonRegistro.cpp")
  
C:\Users\Hector\Documents\GitHub\proyectojuego\ProyectoZelda\godot-cpp\include\godot_cpp\variant\vector3.hpp(268,13): warning C4244: 'inicializando': conversión de 'double' a 'real_t'; posible pérdida de datos
  (compilando archivo de origen "botonRegistro.cpp")
  
C:\Users\Hector\Documents\GitHub\proyectojuego\ProyectoZelda\godot-cpp\include\godot_cpp\variant\vector3.hpp(375,17): warning C4244: 'argumento': conversión de 'const double' a 'const real_t'; posible pérdida de datos
  (compilando archivo de origen "botonRegistro.cpp")
  
C:\Users\Hector\Documents\GitHub\proyectojuego\ProyectoZelda\godot-cpp\include\godot_cpp\variant\vector3.hpp(379,17): warning C4244: 'argumento': conversión de 'const int32_t' a 'const real_t'; posible pérdida de datos
  (compilando archivo de origen "botonRegistro.cpp")
  
C:\Users\Hector\Documents\GitHub\proyectojuego\ProyectoZelda\godot-cpp\include\godot_cpp\variant\vector3.hpp(383,17): warning C4244: 'argumento': conversión de 'const int64_t' a 'const real_t'; posible pérdida de datos
  (compilando archivo de origen "botonRegistro.cpp")
  
C:\Users\Hector\Documents\GitHub\proyectojuego\ProyectoZelda\godot-cpp\include\godot_cpp\variant\vector3i.hpp(222,20): warning C4244: 'argumento': conversión de 'const int64_t' a 'const int32_t'; posible pérdida de datos
  (compilando archivo de origen "botonRegistro.cpp")
  
C:\Users\Hector\Documents\GitHub\proyectojuego\ProyectoZelda\godot-cpp\include\godot_cpp\variant\vector3i.hpp(226,20): warning C4244: 'argumento': conversión de 'const float' a 'const int32_t'; posible pérdida de datos
  (compilando archivo de origen "botonRegistro.cpp")
  
C:\Users\Hector\Documents\GitHub\proyectojuego\ProyectoZelda\godot-cpp\include\godot_cpp\variant\vector3i.hpp(230,20): warning C4244: 'argumento': conversión de 'const double' a 'const int32_t'; posible pérdida de datos
  (compilando archivo de origen "botonRegistro.cpp")
  
C:\Users\Hector\Documents\GitHub\proyectojuego\ProyectoZelda\godot-cpp\include\godot_cpp\variant\vector4.hpp(297,17): warning C4244: 'argumento': conversión de 'const double' a 'const real_t'; posible pérdida de datos
  (compilando archivo de origen "botonRegistro.cpp")
  
C:\Users\Hector\Documents\GitHub\proyectojuego\ProyectoZelda\godot-cpp\include\godot_cpp\variant\vector4.hpp(301,17): warning C4244: 'argumento': conversión de 'const int32_t' a 'const real_t'; posible pérdida de datos
  (compilando archivo de origen "botonRegistro.cpp")
  
C:\Users\Hector\Documents\GitHub\proyectojuego\ProyectoZelda\godot-cpp\include\godot_cpp\variant\vector4.hpp(305,17): warning C4244: 'argumento': conversión de 'const int64_t' a 'const real_t'; posible pérdida de datos
  (compilando archivo de origen "botonRegistro.cpp")
  
C:\Users\Hector\Documents\GitHub\proyectojuego\ProyectoZelda\godot-cpp\include\godot_cpp\variant\vector4i.hpp(232,20): warning C4244: 'argumento': conversión de 'const int64_t' a 'const int32_t'; posible pérdida de datos
  (compilando archivo de origen "botonRegistro.cpp")
  
C:\Users\Hector\Documents\GitHub\proyectojuego\ProyectoZelda\godot-cpp\include\godot_cpp\variant\vector4i.hpp(236,20): warning C4244: 'argumento': conversión de 'const float' a 'const int32_t'; posible pérdida de datos
  (compilando archivo de origen "botonRegistro.cpp")
  
C:\Users\Hector\Documents\GitHub\proyectojuego\ProyectoZelda\godot-cpp\include\godot_cpp\variant\vector4i.hpp(240,20): warning C4244: 'argumento': conversión de 'const double' a 'const int32_t'; posible pérdida de datos
  (compilando archivo de origen "botonRegistro.cpp")
  
C:\Users\Hector\Documents\GitHub\proyectojuego\ProyectoZelda\godot-cpp\include\godot_cpp\variant\projection.hpp(101,26): warning C4244: 'return': conversión de 'double' a 'real_t'; posible pérdida de datos
  (compilando archivo de origen "botonRegistro.cpp")
  
C:\Users\Hector\Documents\GitHub\proyectojuego\ProyectoZelda\godot-cpp\include\godot_cpp\core\type_info.hpp(223,28): warning C4244: 'argumento': conversión de 'int64_t' a 'int'; posible pérdida de datos
  (compilando archivo de origen "botonRegistro.cpp")
  
C:\Users\Hector\Documents\GitHub\proyectojuego\ProyectoZelda\godot-cpp\include\godot_cpp\core\type_info.hpp(223,60): warning C4244: 'argumento': conversión de 'int64_t' a 'int'; posible pérdida de datos
  (compilando archivo de origen "botonRegistro.cpp")
  
  register_types.cpp
C:\Users\Hector\Documents\GitHub\proyectojuego\ProyectoZelda\botonRegistro.h(25,9): error C2535: 'godot::botonRegistro::botonRegistro(void)': función miembro ya definida o declarada
  (compilando archivo de origen "botonRegistro.cpp")
  C:\Users\Hector\Documents\GitHub\proyectojuego\ProyectoZelda\botonRegistro.h(24,9):
  vea la declaración de 'godot::botonRegistro::botonRegistro'
  
C:\Users\Hector\Documents\GitHub\proyectojuego\ProyectoZelda\godot-cpp\include\godot_cpp\core\math.hpp(791,16): warning C4244: 'return': conversión de 'double' a 'float'; posible pérdida de datos
  (compilando archivo de origen "register_types.cpp")
  
C:\Users\Hector\Documents\GitHub\proyectojuego\ProyectoZelda\godot-cpp\include\godot_cpp\core\math.hpp(796,11): warning C4244: 'inicializando': conversión de 'double' a 'float'; posible pérdida de datos
  (compilando archivo de origen "register_types.cpp")
  
C:\Users\Hector\Documents\GitHub\proyectojuego\ProyectoZelda\godot-cpp\include\godot_cpp\variant\vector2.hpp(284,13): warning C4244: 'inicializando': conversión de 'double' a 'real_t'; posible pérdida de datos
  (compilando archivo de origen "register_types.cpp")
  
C:\Users\Hector\Documents\GitHub\proyectojuego\ProyectoZelda\godot-cpp\include\godot_cpp\variant\vector2.hpp(307,17): warning C4244: 'argumento': conversión de 'const double' a 'const real_t'; posible pérdida de datos
  (compilando archivo de origen "register_types.cpp")
  
C:\Users\Hector\Documents\GitHub\proyectojuego\ProyectoZelda\godot-cpp\include\godot_cpp\variant\vector2.hpp(311,17): warning C4244: 'argumento': conversión de 'const int32_t' a 'const real_t'; posible pérdida de datos
  (compilando archivo de origen "register_types.cpp")
  
C:\Users\Hector\Documents\GitHub\proyectojuego\ProyectoZelda\godot-cpp\include\godot_cpp\variant\vector2.hpp(315,17): warning C4244: 'argumento': conversión de 'const int64_t' a 'const real_t'; posible pérdida de datos
  (compilando archivo de origen "register_types.cpp")
  
C:\Users\Hector\Documents\GitHub\proyectojuego\ProyectoZelda\godot-cpp\include\godot_cpp\variant\vector2i.hpp(142,20): warning C4244: 'argumento': conversión de 'const int64_t' a 'const int32_t'; posible pérdida de datos
  (compilando archivo de origen "register_types.cpp")
  
C:\Users\Hector\Documents\GitHub\proyectojuego\ProyectoZelda\godot-cpp\include\godot_cpp\variant\vector2i.hpp(146,20): warning C4244: 'argumento': conversión de 'const float' a 'const int32_t'; posible pérdida de datos
  (compilando archivo de origen "register_types.cpp")
  
C:\Users\Hector\Documents\GitHub\proyectojuego\ProyectoZelda\godot-cpp\include\godot_cpp\variant\vector2i.hpp(150,20): warning C4244: 'argumento': conversión de 'const double' a 'const int32_t'; posible pérdida de datos
  (compilando archivo de origen "register_types.cpp")
  
C:\Users\Hector\Documents\GitHub\proyectojuego\ProyectoZelda\godot-cpp\include\godot_cpp\variant\vector3.hpp(268,13): warning C4244: 'inicializando': conversión de 'double' a 'real_t'; posible pérdida de datos
  (compilando archivo de origen "register_types.cpp")
  
C:\Users\Hector\Documents\GitHub\proyectojuego\ProyectoZelda\godot-cpp\include\godot_cpp\variant\vector3.hpp(375,17): warning C4244: 'argumento': conversión de 'const double' a 'const real_t'; posible pérdida de datos
  (compilando archivo de origen "register_types.cpp")
  
C:\Users\Hector\Documents\GitHub\proyectojuego\ProyectoZelda\godot-cpp\include\godot_cpp\variant\vector3.hpp(379,17): warning C4244: 'argumento': conversión de 'const int32_t' a 'const real_t'; posible pérdida de datos
  (compilando archivo de origen "register_types.cpp")
  
C:\Users\Hector\Documents\GitHub\proyectojuego\ProyectoZelda\godot-cpp\include\godot_cpp\variant\vector3.hpp(383,17): warning C4244: 'argumento': conversión de 'const int64_t' a 'const real_t'; posible pérdida de datos
  (compilando archivo de origen "register_types.cpp")
  
C:\Users\Hector\Documents\GitHub\proyectojuego\ProyectoZelda\godot-cpp\include\godot_cpp\variant\vector3i.hpp(222,20): warning C4244: 'argumento': conversión de 'const int64_t' a 'const int32_t'; posible pérdida de datos
  (compilando archivo de origen "register_types.cpp")
  
C:\Users\Hector\Documents\GitHub\proyectojuego\ProyectoZelda\godot-cpp\include\godot_cpp\variant\vector3i.hpp(226,20): warning C4244: 'argumento': conversión de 'const float' a 'const int32_t'; posible pérdida de datos
  (compilando archivo de origen "register_types.cpp")
  
C:\Users\Hector\Documents\GitHub\proyectojuego\ProyectoZelda\godot-cpp\include\godot_cpp\variant\vector3i.hpp(230,20): warning C4244: 'argumento': conversión de 'const double' a 'const int32_t'; posible pérdida de datos
  (compilando archivo de origen "register_types.cpp")
  
C:\Users\Hector\Documents\GitHub\proyectojuego\ProyectoZelda\godot-cpp\include\godot_cpp\variant\vector4.hpp(297,17): warning C4244: 'argumento': conversión de 'const double' a 'const real_t'; posible pérdida de datos
  (compilando archivo de origen "register_types.cpp")
  
C:\Users\Hector\Documents\GitHub\proyectojuego\ProyectoZelda\godot-cpp\include\godot_cpp\variant\vector4.hpp(301,17): warning C4244: 'argumento': conversión de 'const int32_t' a 'const real_t'; posible pérdida de datos
  (compilando archivo de origen "register_types.cpp")
  
C:\Users\Hector\Documents\GitHub\proyectojuego\ProyectoZelda\godot-cpp\include\godot_cpp\variant\vector4.hpp(305,17): warning C4244: 'argumento': conversión de 'const int64_t' a 'const real_t'; posible pérdida de datos
  (compilando archivo de origen "register_types.cpp")
  
C:\Users\Hector\Documents\GitHub\proyectojuego\ProyectoZelda\godot-cpp\include\godot_cpp\variant\vector4i.hpp(232,20): warning C4244: 'argumento': conversión de 'const int64_t' a 'const int32_t'; posible pérdida de datos
  (compilando archivo de origen "register_types.cpp")
  
C:\Users\Hector\Documents\GitHub\proyectojuego\ProyectoZelda\godot-cpp\include\godot_cpp\variant\vector4i.hpp(236,20): warning C4244: 'argumento': conversión de 'const float' a 'const int32_t'; posible pérdida de datos
  (compilando archivo de origen "register_types.cpp")
  
C:\Users\Hector\Documents\GitHub\proyectojuego\ProyectoZelda\godot-cpp\include\godot_cpp\variant\vector4i.hpp(240,20): warning C4244: 'argumento': conversión de 'const double' a 'const int32_t'; posible pérdida de datos
  (compilando archivo de origen "register_types.cpp")
  
C:\Users\Hector\Documents\GitHub\proyectojuego\ProyectoZelda\godot-cpp\include\godot_cpp\variant\projection.hpp(101,26): warning C4244: 'return': conversión de 'double' a 'real_t'; posible pérdida de datos
  (compilando archivo de origen "register_types.cpp")
  
C:\Users\Hector\Documents\GitHub\proyectojuego\ProyectoZelda\godot-cpp\include\godot_cpp\core\type_info.hpp(223,28): warning C4244: 'argumento': conversión de 'int64_t' a 'int'; posible pérdida de datos
  (compilando archivo de origen "register_types.cpp")
  
C:\Users\Hector\Documents\GitHub\proyectojuego\ProyectoZelda\godot-cpp\include\godot_cpp\core\type_info.hpp(223,60): warning C4244: 'argumento': conversión de 'int64_t' a 'int'; posible pérdida de datos
  (compilando archivo de origen "register_types.cpp")
  
C:\Users\Hector\Documents\GitHub\proyectojuego\ProyectoZelda\botonRegistro.h(25,9): error C2535: 'godot::botonRegistro::botonRegistro(void)': función miembro ya definida o declarada
  (compilando archivo de origen "register_types.cpp")
  C:\Users\Hector\Documents\GitHub\proyectojuego\ProyectoZelda\botonRegistro.h(24,9):
  vea la declaración de 'godot::botonRegistro::botonRegistro'
  
C:\Users\Hector\Documents\GitHub\proyectojuego\ProyectoZelda\register_types.cpp(22,26): error C2872: 'botonRegistro': símbolo ambiguo
  C:\Users\Hector\Documents\GitHub\proyectojuego\ProyectoZelda\botonRegistro.h(2,7):
  puede ser 'botonRegistro'
  C:\Users\Hector\Documents\GitHub\proyectojuego\ProyectoZelda\botonRegistro.h(17,11):
  o       'godot::botonRegistro'
  
  Source.cpp
  Generando código...
