  register_types.cpp
C:\Users\Hector\Documents\GitHub\proyectojuego\ProyectoZelda\godot-cpp\include\godot_cpp\core\math.hpp(791,16): warning C4244: 'return': conversión de 'double' a 'float'; posible pérdida de datos
  (compilando archivo de origen "register_types.cpp")
  
C:\Users\Hector\Documents\GitHub\proyectojuego\ProyectoZelda\godot-cpp\include\godot_cpp\core\math.hpp(796,11): warning C4244: 'inicializando': conversión de 'double' a 'float'; posible pérdida de datos
  (compilando archivo de origen "register_types.cpp")
  
C:\Users\Hector\Documents\GitHub\proyectojuego\ProyectoZelda\godot-cpp\include\godot_cpp\variant\vector2.hpp(284,13): warning C4244: 'inicializando': conversión de 'double' a 'real_t'; posible pérdida de datos
  (compilando archivo de origen "register_types.cpp")
  
C:\Users\Hector\Documents\GitHub\proyectojuego\ProyectoZelda\godot-cpp\include\godot_cpp\variant\vector2.hpp(307,17): warning C4244: 'argumento': conversión de 'const double' a 'const real_t'; posible pérdida de datos
  (compilando archivo de origen "register_types.cpp")
  
C:\Users\Hector\Documents\GitHub\proyectojuego\ProyectoZelda\godot-cpp\include\godot_cpp\variant\vector2.hpp(311,17): warning C4244: 'argumento': conversión de 'const int32_t' a 'const real_t'; posible pérdida de datos
  (compilando archivo de origen "register_types.cpp")
  
C:\Users\Hector\Documents\GitHub\proyectojuego\ProyectoZelda\godot-cpp\include\godot_cpp\variant\vector2.hpp(315,17): warning C4244: 'argumento': conversión de 'const int64_t' a 'const real_t'; posible pérdida de datos
  (compilando archivo de origen "register_types.cpp")
  
C:\Users\Hector\Documents\GitHub\proyectojuego\ProyectoZelda\godot-cpp\include\godot_cpp\variant\vector2i.hpp(142,20): warning C4244: 'argumento': conversión de 'const int64_t' a 'const int32_t'; posible pérdida de datos
  (compilando archivo de origen "register_types.cpp")
  
C:\Users\Hector\Documents\GitHub\proyectojuego\ProyectoZelda\godot-cpp\include\godot_cpp\variant\vector2i.hpp(146,20): warning C4244: 'argumento': conversión de 'const float' a 'const int32_t'; posible pérdida de datos
  (compilando archivo de origen "register_types.cpp")
  
C:\Users\Hector\Documents\GitHub\proyectojuego\ProyectoZelda\godot-cpp\include\godot_cpp\variant\vector2i.hpp(150,20): warning C4244: 'argumento': conversión de 'const double' a 'const int32_t'; posible pérdida de datos
  (compilando archivo de origen "register_types.cpp")
  
C:\Users\Hector\Documents\GitHub\proyectojuego\ProyectoZelda\godot-cpp\include\godot_cpp\variant\vector3.hpp(268,13): warning C4244: 'inicializando': conversión de 'double' a 'real_t'; posible pérdida de datos
  (compilando archivo de origen "register_types.cpp")
  
C:\Users\Hector\Documents\GitHub\proyectojuego\ProyectoZelda\godot-cpp\include\godot_cpp\variant\vector3.hpp(375,17): warning C4244: 'argumento': conversión de 'const double' a 'const real_t'; posible pérdida de datos
  (compilando archivo de origen "register_types.cpp")
  
C:\Users\Hector\Documents\GitHub\proyectojuego\ProyectoZelda\godot-cpp\include\godot_cpp\variant\vector3.hpp(379,17): warning C4244: 'argumento': conversión de 'const int32_t' a 'const real_t'; posible pérdida de datos
  (compilando archivo de origen "register_types.cpp")
  
C:\Users\Hector\Documents\GitHub\proyectojuego\ProyectoZelda\godot-cpp\include\godot_cpp\variant\vector3.hpp(383,17): warning C4244: 'argumento': conversión de 'const int64_t' a 'const real_t'; posible pérdida de datos
  (compilando archivo de origen "register_types.cpp")
  
C:\Users\Hector\Documents\GitHub\proyectojuego\ProyectoZelda\godot-cpp\include\godot_cpp\variant\vector3i.hpp(222,20): warning C4244: 'argumento': conversión de 'const int64_t' a 'const int32_t'; posible pérdida de datos
  (compilando archivo de origen "register_types.cpp")
  
C:\Users\Hector\Documents\GitHub\proyectojuego\ProyectoZelda\godot-cpp\include\godot_cpp\variant\vector3i.hpp(226,20): warning C4244: 'argumento': conversión de 'const float' a 'const int32_t'; posible pérdida de datos
  (compilando archivo de origen "register_types.cpp")
  
C:\Users\Hector\Documents\GitHub\proyectojuego\ProyectoZelda\godot-cpp\include\godot_cpp\variant\vector3i.hpp(230,20): warning C4244: 'argumento': conversión de 'const double' a 'const int32_t'; posible pérdida de datos
  (compilando archivo de origen "register_types.cpp")
  
C:\Users\Hector\Documents\GitHub\proyectojuego\ProyectoZelda\godot-cpp\include\godot_cpp\variant\vector4.hpp(297,17): warning C4244: 'argumento': conversión de 'const double' a 'const real_t'; posible pérdida de datos
  (compilando archivo de origen "register_types.cpp")
  
C:\Users\Hector\Documents\GitHub\proyectojuego\ProyectoZelda\godot-cpp\include\godot_cpp\variant\vector4.hpp(301,17): warning C4244: 'argumento': conversión de 'const int32_t' a 'const real_t'; posible pérdida de datos
  (compilando archivo de origen "register_types.cpp")
  
C:\Users\Hector\Documents\GitHub\proyectojuego\ProyectoZelda\godot-cpp\include\godot_cpp\variant\vector4.hpp(305,17): warning C4244: 'argumento': conversión de 'const int64_t' a 'const real_t'; posible pérdida de datos
  (compilando archivo de origen "register_types.cpp")
  
C:\Users\Hector\Documents\GitHub\proyectojuego\ProyectoZelda\godot-cpp\include\godot_cpp\variant\vector4i.hpp(232,20): warning C4244: 'argumento': conversión de 'const int64_t' a 'const int32_t'; posible pérdida de datos
  (compilando archivo de origen "register_types.cpp")
  
C:\Users\Hector\Documents\GitHub\proyectojuego\ProyectoZelda\godot-cpp\include\godot_cpp\variant\vector4i.hpp(236,20): warning C4244: 'argumento': conversión de 'const float' a 'const int32_t'; posible pérdida de datos
  (compilando archivo de origen "register_types.cpp")
  
C:\Users\Hector\Documents\GitHub\proyectojuego\ProyectoZelda\godot-cpp\include\godot_cpp\variant\vector4i.hpp(240,20): warning C4244: 'argumento': conversión de 'const double' a 'const int32_t'; posible pérdida de datos
  (compilando archivo de origen "register_types.cpp")
  
C:\Users\Hector\Documents\GitHub\proyectojuego\ProyectoZelda\godot-cpp\include\godot_cpp\variant\projection.hpp(101,26): warning C4244: 'return': conversión de 'double' a 'real_t'; posible pérdida de datos
  (compilando archivo de origen "register_types.cpp")
  
C:\Users\Hector\Documents\GitHub\proyectojuego\ProyectoZelda\godot-cpp\include\godot_cpp\core\type_info.hpp(223,28): warning C4244: 'argumento': conversión de 'int64_t' a 'int'; posible pérdida de datos
  (compilando archivo de origen "register_types.cpp")
  
C:\Users\Hector\Documents\GitHub\proyectojuego\ProyectoZelda\godot-cpp\include\godot_cpp\core\type_info.hpp(223,60): warning C4244: 'argumento': conversión de 'int64_t' a 'int'; posible pérdida de datos
  (compilando archivo de origen "register_types.cpp")
  
C:\Users\Hector\Documents\GitHub\proyectojuego\ProyectoZelda\godot-cpp\include\godot_cpp\core\math.hpp(66,13): warning C4244: 'return': conversión de 'float' a 'const T'; posible pérdida de datos
C:\Users\Hector\Documents\GitHub\proyectojuego\ProyectoZelda\godot-cpp\include\godot_cpp\core\math.hpp(66,13): warning C4244:         with
C:\Users\Hector\Documents\GitHub\proyectojuego\ProyectoZelda\godot-cpp\include\godot_cpp\core\math.hpp(66,13): warning C4244:         [
C:\Users\Hector\Documents\GitHub\proyectojuego\ProyectoZelda\godot-cpp\include\godot_cpp\core\math.hpp(66,13): warning C4244:             T=int32_t
C:\Users\Hector\Documents\GitHub\proyectojuego\ProyectoZelda\godot-cpp\include\godot_cpp\core\math.hpp(66,13): warning C4244:         ]
  (compilando archivo de origen "register_types.cpp")
  C:\Users\Hector\Documents\GitHub\proyectojuego\ProyectoZelda\godot-cpp\include\godot_cpp\core\math.hpp(66,13):
  el contexto de creación de instancias de la plantilla (el más antiguo primero) es
  	C:\Users\Hector\Documents\GitHub\proyectojuego\ProyectoZelda\godot-cpp\include\godot_cpp\variant\vector2i.hpp(121,42):
  	Vea la referencia a la creación de una instancia de la función plantilla "const T godot::SIGN<int32_t>(const T)" que se está compilando
          with
          [
              T=int32_t
          ]
  
  VSTestGDnative.cpp
C:\Users\Hector\Documents\GitHub\proyectojuego\ProyectoZelda\godot-cpp\include\godot_cpp\core\math.hpp(791,16): warning C4244: 'return': conversión de 'double' a 'float'; posible pérdida de datos
  (compilando archivo de origen "VSTestGDnative.cpp")
  
C:\Users\Hector\Documents\GitHub\proyectojuego\ProyectoZelda\godot-cpp\include\godot_cpp\core\math.hpp(796,11): warning C4244: 'inicializando': conversión de 'double' a 'float'; posible pérdida de datos
  (compilando archivo de origen "VSTestGDnative.cpp")
  
C:\Users\Hector\Documents\GitHub\proyectojuego\ProyectoZelda\godot-cpp\include\godot_cpp\variant\vector2.hpp(284,13): warning C4244: 'inicializando': conversión de 'double' a 'real_t'; posible pérdida de datos
  (compilando archivo de origen "VSTestGDnative.cpp")
  
C:\Users\Hector\Documents\GitHub\proyectojuego\ProyectoZelda\godot-cpp\include\godot_cpp\variant\vector2.hpp(307,17): warning C4244: 'argumento': conversión de 'const double' a 'const real_t'; posible pérdida de datos
  (compilando archivo de origen "VSTestGDnative.cpp")
  
C:\Users\Hector\Documents\GitHub\proyectojuego\ProyectoZelda\godot-cpp\include\godot_cpp\variant\vector2.hpp(311,17): warning C4244: 'argumento': conversión de 'const int32_t' a 'const real_t'; posible pérdida de datos
  (compilando archivo de origen "VSTestGDnative.cpp")
  
C:\Users\Hector\Documents\GitHub\proyectojuego\ProyectoZelda\godot-cpp\include\godot_cpp\variant\vector2.hpp(315,17): warning C4244: 'argumento': conversión de 'const int64_t' a 'const real_t'; posible pérdida de datos
  (compilando archivo de origen "VSTestGDnative.cpp")
  
C:\Users\Hector\Documents\GitHub\proyectojuego\ProyectoZelda\godot-cpp\include\godot_cpp\variant\vector2i.hpp(142,20): warning C4244: 'argumento': conversión de 'const int64_t' a 'const int32_t'; posible pérdida de datos
  (compilando archivo de origen "VSTestGDnative.cpp")
  
C:\Users\Hector\Documents\GitHub\proyectojuego\ProyectoZelda\godot-cpp\include\godot_cpp\variant\vector2i.hpp(146,20): warning C4244: 'argumento': conversión de 'const float' a 'const int32_t'; posible pérdida de datos
  (compilando archivo de origen "VSTestGDnative.cpp")
  
C:\Users\Hector\Documents\GitHub\proyectojuego\ProyectoZelda\godot-cpp\include\godot_cpp\variant\vector2i.hpp(150,20): warning C4244: 'argumento': conversión de 'const double' a 'const int32_t'; posible pérdida de datos
  (compilando archivo de origen "VSTestGDnative.cpp")
  
C:\Users\Hector\Documents\GitHub\proyectojuego\ProyectoZelda\godot-cpp\include\godot_cpp\variant\vector3.hpp(268,13): warning C4244: 'inicializando': conversión de 'double' a 'real_t'; posible pérdida de datos
  (compilando archivo de origen "VSTestGDnative.cpp")
  
C:\Users\Hector\Documents\GitHub\proyectojuego\ProyectoZelda\godot-cpp\include\godot_cpp\variant\vector3.hpp(375,17): warning C4244: 'argumento': conversión de 'const double' a 'const real_t'; posible pérdida de datos
  (compilando archivo de origen "VSTestGDnative.cpp")
  
C:\Users\Hector\Documents\GitHub\proyectojuego\ProyectoZelda\godot-cpp\include\godot_cpp\variant\vector3.hpp(379,17): warning C4244: 'argumento': conversión de 'const int32_t' a 'const real_t'; posible pérdida de datos
  (compilando archivo de origen "VSTestGDnative.cpp")
  
C:\Users\Hector\Documents\GitHub\proyectojuego\ProyectoZelda\godot-cpp\include\godot_cpp\variant\vector3.hpp(383,17): warning C4244: 'argumento': conversión de 'const int64_t' a 'const real_t'; posible pérdida de datos
  (compilando archivo de origen "VSTestGDnative.cpp")
  
C:\Users\Hector\Documents\GitHub\proyectojuego\ProyectoZelda\godot-cpp\include\godot_cpp\variant\vector3i.hpp(222,20): warning C4244: 'argumento': conversión de 'const int64_t' a 'const int32_t'; posible pérdida de datos
  (compilando archivo de origen "VSTestGDnative.cpp")
  
C:\Users\Hector\Documents\GitHub\proyectojuego\ProyectoZelda\godot-cpp\include\godot_cpp\variant\vector3i.hpp(226,20): warning C4244: 'argumento': conversión de 'const float' a 'const int32_t'; posible pérdida de datos
  (compilando archivo de origen "VSTestGDnative.cpp")
  
C:\Users\Hector\Documents\GitHub\proyectojuego\ProyectoZelda\godot-cpp\include\godot_cpp\variant\vector3i.hpp(230,20): warning C4244: 'argumento': conversión de 'const double' a 'const int32_t'; posible pérdida de datos
  (compilando archivo de origen "VSTestGDnative.cpp")
  
C:\Users\Hector\Documents\GitHub\proyectojuego\ProyectoZelda\godot-cpp\include\godot_cpp\variant\vector4.hpp(297,17): warning C4244: 'argumento': conversión de 'const double' a 'const real_t'; posible pérdida de datos
  (compilando archivo de origen "VSTestGDnative.cpp")
  
C:\Users\Hector\Documents\GitHub\proyectojuego\ProyectoZelda\godot-cpp\include\godot_cpp\variant\vector4.hpp(301,17): warning C4244: 'argumento': conversión de 'const int32_t' a 'const real_t'; posible pérdida de datos
  (compilando archivo de origen "VSTestGDnative.cpp")
  
C:\Users\Hector\Documents\GitHub\proyectojuego\ProyectoZelda\godot-cpp\include\godot_cpp\variant\vector4.hpp(305,17): warning C4244: 'argumento': conversión de 'const int64_t' a 'const real_t'; posible pérdida de datos
  (compilando archivo de origen "VSTestGDnative.cpp")
  
C:\Users\Hector\Documents\GitHub\proyectojuego\ProyectoZelda\godot-cpp\include\godot_cpp\variant\vector4i.hpp(232,20): warning C4244: 'argumento': conversión de 'const int64_t' a 'const int32_t'; posible pérdida de datos
  (compilando archivo de origen "VSTestGDnative.cpp")
  
C:\Users\Hector\Documents\GitHub\proyectojuego\ProyectoZelda\godot-cpp\include\godot_cpp\variant\vector4i.hpp(236,20): warning C4244: 'argumento': conversión de 'const float' a 'const int32_t'; posible pérdida de datos
  (compilando archivo de origen "VSTestGDnative.cpp")
  
C:\Users\Hector\Documents\GitHub\proyectojuego\ProyectoZelda\godot-cpp\include\godot_cpp\variant\vector4i.hpp(240,20): warning C4244: 'argumento': conversión de 'const double' a 'const int32_t'; posible pérdida de datos
  (compilando archivo de origen "VSTestGDnative.cpp")
  
C:\Users\Hector\Documents\GitHub\proyectojuego\ProyectoZelda\godot-cpp\include\godot_cpp\variant\projection.hpp(101,26): warning C4244: 'return': conversión de 'double' a 'real_t'; posible pérdida de datos
  (compilando archivo de origen "VSTestGDnative.cpp")
  
C:\Users\Hector\Documents\GitHub\proyectojuego\ProyectoZelda\godot-cpp\include\godot_cpp\core\type_info.hpp(223,28): warning C4244: 'argumento': conversión de 'int64_t' a 'int'; posible pérdida de datos
  (compilando archivo de origen "VSTestGDnative.cpp")
  
C:\Users\Hector\Documents\GitHub\proyectojuego\ProyectoZelda\godot-cpp\include\godot_cpp\core\type_info.hpp(223,60): warning C4244: 'argumento': conversión de 'int64_t' a 'int'; posible pérdida de datos
  (compilando archivo de origen "VSTestGDnative.cpp")
  
C:\Users\Hector\Documents\GitHub\proyectojuego\ProyectoZelda\godot-cpp\include\godot_cpp\core\math.hpp(66,13): warning C4244: 'return': conversión de 'float' a 'const T'; posible pérdida de datos
C:\Users\Hector\Documents\GitHub\proyectojuego\ProyectoZelda\godot-cpp\include\godot_cpp\core\math.hpp(66,13): warning C4244:         with
C:\Users\Hector\Documents\GitHub\proyectojuego\ProyectoZelda\godot-cpp\include\godot_cpp\core\math.hpp(66,13): warning C4244:         [
C:\Users\Hector\Documents\GitHub\proyectojuego\ProyectoZelda\godot-cpp\include\godot_cpp\core\math.hpp(66,13): warning C4244:             T=int32_t
C:\Users\Hector\Documents\GitHub\proyectojuego\ProyectoZelda\godot-cpp\include\godot_cpp\core\math.hpp(66,13): warning C4244:         ]
  (compilando archivo de origen "VSTestGDnative.cpp")
  C:\Users\Hector\Documents\GitHub\proyectojuego\ProyectoZelda\godot-cpp\include\godot_cpp\core\math.hpp(66,13):
  el contexto de creación de instancias de la plantilla (el más antiguo primero) es
  	C:\Users\Hector\Documents\GitHub\proyectojuego\ProyectoZelda\godot-cpp\include\godot_cpp\variant\vector2i.hpp(121,42):
  	Vea la referencia a la creación de una instancia de la función plantilla "const T godot::SIGN<int32_t>(const T)" que se está compilando
          with
          [
              T=int32_t
          ]
  
  Generando código...
  LINK : no se encontró C:\Users\Hector\Documents\GitHub\proyectojuego\ProyectoZelda\Godot_proyect\bin\libgdexample.windows.template_debug.x86_64.dll o no lo generó el último vínculo incremental; ejecutando vínculo completo
LINK : fatal error LNK1201: error al escribir en la base de datos del programa 'C:\Users\Hector\Documents\GitHub\proyectojuego\ProyectoZelda\Godot_proyect\bin\libgdexample.windows.template_debug.x86_64.pdb'; compruebe si tiene suficiente espacio en disco, si la ruta es válida o si tiene privilegios suficientes
